2017-08-25 09:49:54,739 [restartedMain] [com.yfax.task.Application] [INFO] (StartupInfoLogger.java:48)- Starting Application on MInboHes-MacBook-Pro.local with PID 85822 (/Users/Minbo/Documents/IT/java/code/yfax-parent/yfax-task/target/classes started by Minbo in /Users/Minbo/Documents/IT/java/code/yfax-parent/yfax-task)
2017-08-25 09:49:54,740 [restartedMain] [com.yfax.task.Application] [INFO] (SpringApplication.java:641)- The following profiles are active: dev
2017-08-25 09:50:04,405 [pool-1-thread-1] [com.yfax.task.ScheduledTasks] [INFO] (ScheduledTasks.java:30)- my task is running, The time is now 2017-08-25 09:50:04
2017-08-25 09:50:04,408 [pool-1-thread-1] [com.yfax.task.ScheduledTasks] [INFO] (ScheduledTasks.java:60)- 第一步，开始清除用户的每日签到标识...
2017-08-25 09:50:04,475 [restartedMain] [com.yfax.task.Application] [INFO] (StartupInfoLogger.java:57)- Started Application in 25.125 seconds (JVM running for 25.615)
2017-08-25 09:50:04,896 [pool-1-thread-1] [com.yfax.task.ScheduledTasks] [INFO] (ScheduledTasks.java:65)- phoneNum18688200519, 重置结果result=成功
2017-08-25 09:50:04,901 [pool-1-thread-1] [com.yfax.task.ScheduledTasks] [INFO] (ScheduledTasks.java:65)- phoneNum18688200527, 重置结果result=成功
2017-08-25 09:50:04,906 [pool-1-thread-1] [com.yfax.task.ScheduledTasks] [INFO] (ScheduledTasks.java:65)- phoneNum18688200528, 重置结果result=成功
2017-08-25 09:50:04,910 [pool-1-thread-1] [com.yfax.task.ScheduledTasks] [INFO] (ScheduledTasks.java:65)- phoneNum18688200529, 重置结果result=成功
2017-08-25 09:50:04,915 [pool-1-thread-1] [com.yfax.task.ScheduledTasks] [INFO] (ScheduledTasks.java:65)- phoneNum18688200599, 重置结果result=成功
2017-08-25 09:50:04,915 [pool-1-thread-1] [com.yfax.task.ScheduledTasks] [INFO] (ScheduledTasks.java:75)- 第二步，开始自动批量处理金币转换零钱...
2017-08-25 09:50:04,918 [pool-1-thread-1] [com.yfax.task.ScheduledTasks] [INFO] (ScheduledTasks.java:80)- 转换用户数据：AppUserVo [phoneNum=18688200527, userPwd=e10adc3949ba59abbe56e057f20f883e, gold=900, balance=201, userName=贺敏, address=广州天河, wechat=null, qq=null, email=null, registerDate=2017-08-20 01:37:06.0, lastLoginDate=2017-08-20 09:11:09.0, updateDate=2017-08-24 16:29:25.0, blackList=0, shareCount=0, firstShare=1, firstInvite=0, firstRead=1, students=0, dailyCheckIn=0]
2017-08-25 09:50:04,926 [pool-1-thread-1] [com.yfax.task.service.BalanceHisService] [INFO] (BalanceHisService.java:63)- 当前汇率rate=0.0001, 兑换金币gold=900.0, 获得零钱balance=0.090
2017-08-25 09:50:04,928 [pool-1-thread-1] [com.yfax.task.service.BalanceHisService] [INFO] (BalanceHisService.java:73)- 手机号码phoneNum=18688200527, 原金币余额gold=900, 扣减金币gold=900, 更新金币总余额sum=0
2017-08-25 09:50:04,948 [pool-1-thread-1] [com.yfax.task.service.BalanceHisService] [ERROR] (BalanceHisService.java:98)- 记录用户零钱兑换异常：nested exception is org.apache.ibatis.exceptions.PersistenceException: 
### Error updating database.  Cause: java.lang.IllegalArgumentException: Mapped Statements collection does not contain value for insertAwardHis
### Cause: java.lang.IllegalArgumentException: Mapped Statements collection does not contain value for insertAwardHis
org.mybatis.spring.MyBatisSystemException: nested exception is org.apache.ibatis.exceptions.PersistenceException: 
### Error updating database.  Cause: java.lang.IllegalArgumentException: Mapped Statements collection does not contain value for insertAwardHis
### Cause: java.lang.IllegalArgumentException: Mapped Statements collection does not contain value for insertAwardHis
	at org.mybatis.spring.MyBatisExceptionTranslator.translateExceptionIfPossible(MyBatisExceptionTranslator.java:79)
	at org.mybatis.spring.SqlSessionTemplate$SqlSessionInterceptor.invoke(SqlSessionTemplate.java:447)
	at com.sun.proxy.$Proxy64.insert(Unknown Source)
	at org.mybatis.spring.SqlSessionTemplate.insert(SqlSessionTemplate.java:279)
	at com.yfax.task.dao.impl.AwardHisDaoImpl.insertAwardHis(AwardHisDaoImpl.java:24)
	at com.yfax.task.dao.impl.AwardHisDaoImpl$$FastClassBySpringCGLIB$$e2809377.invoke(<generated>)
	at org.springframework.cglib.proxy.MethodProxy.invoke(MethodProxy.java:204)
	at org.springframework.aop.framework.CglibAopProxy$CglibMethodInvocation.invokeJoinpoint(CglibAopProxy.java:721)
	at org.springframework.aop.framework.ReflectiveMethodInvocation.proceed(ReflectiveMethodInvocation.java:157)
	at org.springframework.transaction.interceptor.TransactionInterceptor$1.proceedWithInvocation(TransactionInterceptor.java:99)
	at org.springframework.transaction.interceptor.TransactionAspectSupport.invokeWithinTransaction(TransactionAspectSupport.java:282)
	at org.springframework.transaction.interceptor.TransactionInterceptor.invoke(TransactionInterceptor.java:96)
	at org.springframework.aop.framework.ReflectiveMethodInvocation.proceed(ReflectiveMethodInvocation.java:179)
	at org.springframework.aop.framework.CglibAopProxy$DynamicAdvisedInterceptor.intercept(CglibAopProxy.java:656)
	at com.yfax.task.dao.impl.AwardHisDaoImpl$$EnhancerBySpringCGLIB$$1d9f2e92.insertAwardHis(<generated>)
	at com.yfax.task.service.BalanceHisService.addBalanceHis(BalanceHisService.java:86)
	at com.yfax.task.service.BalanceHisService$$FastClassBySpringCGLIB$$e8b3edba.invoke(<generated>)
	at org.springframework.cglib.proxy.MethodProxy.invoke(MethodProxy.java:204)
	at org.springframework.aop.framework.CglibAopProxy$CglibMethodInvocation.invokeJoinpoint(CglibAopProxy.java:721)
	at org.springframework.aop.framework.ReflectiveMethodInvocation.proceed(ReflectiveMethodInvocation.java:157)
	at org.springframework.transaction.interceptor.TransactionInterceptor$1.proceedWithInvocation(TransactionInterceptor.java:99)
	at org.springframework.transaction.interceptor.TransactionAspectSupport.invokeWithinTransaction(TransactionAspectSupport.java:282)
	at org.springframework.transaction.interceptor.TransactionInterceptor.invoke(TransactionInterceptor.java:96)
	at org.springframework.aop.framework.ReflectiveMethodInvocation.proceed(ReflectiveMethodInvocation.java:179)
	at org.springframework.aop.framework.CglibAopProxy$DynamicAdvisedInterceptor.intercept(CglibAopProxy.java:656)
	at com.yfax.task.service.BalanceHisService$$EnhancerBySpringCGLIB$$f7d63f3b.addBalanceHis(<generated>)
	at com.yfax.task.ScheduledTasks.batchAutoTransfer(ScheduledTasks.java:81)
	at com.yfax.task.ScheduledTasks.reportCurrentTime(ScheduledTasks.java:32)
	at sun.reflect.NativeMethodAccessorImpl.invoke0(Native Method)
	at sun.reflect.NativeMethodAccessorImpl.invoke(NativeMethodAccessorImpl.java:62)
	at sun.reflect.DelegatingMethodAccessorImpl.invoke(DelegatingMethodAccessorImpl.java:43)
	at java.lang.reflect.Method.invoke(Method.java:498)
	at org.springframework.scheduling.support.ScheduledMethodRunnable.run(ScheduledMethodRunnable.java:65)
	at org.springframework.scheduling.support.DelegatingErrorHandlingRunnable.run(DelegatingErrorHandlingRunnable.java:54)
	at java.util.concurrent.Executors$RunnableAdapter.call(Executors.java:511)
	at java.util.concurrent.FutureTask.runAndReset(FutureTask.java:308)
	at java.util.concurrent.ScheduledThreadPoolExecutor$ScheduledFutureTask.access$301(ScheduledThreadPoolExecutor.java:180)
	at java.util.concurrent.ScheduledThreadPoolExecutor$ScheduledFutureTask.run(ScheduledThreadPoolExecutor.java:294)
	at java.util.concurrent.ThreadPoolExecutor.runWorker(ThreadPoolExecutor.java:1142)
	at java.util.concurrent.ThreadPoolExecutor$Worker.run(ThreadPoolExecutor.java:617)
	at java.lang.Thread.run(Thread.java:745)
Caused by: org.apache.ibatis.exceptions.PersistenceException: 
### Error updating database.  Cause: java.lang.IllegalArgumentException: Mapped Statements collection does not contain value for insertAwardHis
### Cause: java.lang.IllegalArgumentException: Mapped Statements collection does not contain value for insertAwardHis
	at org.apache.ibatis.exceptions.ExceptionFactory.wrapException(ExceptionFactory.java:30)
	at org.apache.ibatis.session.defaults.DefaultSqlSession.update(DefaultSqlSession.java:200)
	at org.apache.ibatis.session.defaults.DefaultSqlSession.insert(DefaultSqlSession.java:185)
	at sun.reflect.NativeMethodAccessorImpl.invoke0(Native Method)
	at sun.reflect.NativeMethodAccessorImpl.invoke(NativeMethodAccessorImpl.java:62)
	at sun.reflect.DelegatingMethodAccessorImpl.invoke(DelegatingMethodAccessorImpl.java:43)
	at java.lang.reflect.Method.invoke(Method.java:498)
	at org.mybatis.spring.SqlSessionTemplate$SqlSessionInterceptor.invoke(SqlSessionTemplate.java:434)
	... 39 common frames omitted
Caused by: java.lang.IllegalArgumentException: Mapped Statements collection does not contain value for insertAwardHis
	at org.apache.ibatis.session.Configuration$StrictMap.get(Configuration.java:853)
	at org.apache.ibatis.session.Configuration.getMappedStatement(Configuration.java:686)
	at org.apache.ibatis.session.Configuration.getMappedStatement(Configuration.java:679)
	at org.apache.ibatis.session.defaults.DefaultSqlSession.update(DefaultSqlSession.java:197)
	... 45 common frames omitted
2017-08-25 09:51:36,668 [restartedMain] [com.yfax.task.Application] [INFO] (StartupInfoLogger.java:48)- Starting Application on MInboHes-MacBook-Pro.local with PID 85846 (/Users/Minbo/Documents/IT/java/code/yfax-parent/yfax-task/target/classes started by Minbo in /Users/Minbo/Documents/IT/java/code/yfax-parent/yfax-task)
2017-08-25 09:51:36,668 [restartedMain] [com.yfax.task.Application] [INFO] (SpringApplication.java:641)- The following profiles are active: dev
2017-08-25 09:54:31,810 [restartedMain] [com.yfax.task.Application] [INFO] (StartupInfoLogger.java:48)- Starting Application on MInboHes-MacBook-Pro.local with PID 85885 (/Users/Minbo/Documents/IT/java/code/yfax-parent/yfax-task/target/classes started by Minbo in /Users/Minbo/Documents/IT/java/code/yfax-parent/yfax-task)
2017-08-25 09:54:31,810 [restartedMain] [com.yfax.task.Application] [INFO] (SpringApplication.java:641)- The following profiles are active: dev
2017-08-25 09:54:40,785 [pool-1-thread-1] [com.yfax.task.ScheduledTasks] [INFO] (ScheduledTasks.java:30)- my task is running, The time is now 2017-08-25 09:54:40
2017-08-25 09:54:40,786 [pool-1-thread-1] [com.yfax.task.ScheduledTasks] [INFO] (ScheduledTasks.java:60)- 第一步，开始清除用户的每日签到标识...
2017-08-25 09:54:40,848 [restartedMain] [com.yfax.task.Application] [INFO] (StartupInfoLogger.java:57)- Started Application in 24.401 seconds (JVM running for 24.861)
2017-08-25 09:54:41,238 [pool-1-thread-1] [com.yfax.task.ScheduledTasks] [INFO] (ScheduledTasks.java:65)- phoneNum18688200519, 重置结果result=成功
2017-08-25 09:54:41,246 [pool-1-thread-1] [com.yfax.task.ScheduledTasks] [INFO] (ScheduledTasks.java:65)- phoneNum18688200527, 重置结果result=成功
2017-08-25 09:54:41,251 [pool-1-thread-1] [com.yfax.task.ScheduledTasks] [INFO] (ScheduledTasks.java:65)- phoneNum18688200528, 重置结果result=成功
2017-08-25 09:54:41,255 [pool-1-thread-1] [com.yfax.task.ScheduledTasks] [INFO] (ScheduledTasks.java:65)- phoneNum18688200529, 重置结果result=成功
2017-08-25 09:54:41,260 [pool-1-thread-1] [com.yfax.task.ScheduledTasks] [INFO] (ScheduledTasks.java:65)- phoneNum18688200599, 重置结果result=成功
2017-08-25 09:54:41,261 [pool-1-thread-1] [com.yfax.task.ScheduledTasks] [INFO] (ScheduledTasks.java:75)- 第二步，开始自动批量处理金币转换零钱...
2017-08-25 09:54:41,264 [pool-1-thread-1] [com.yfax.task.ScheduledTasks] [INFO] (ScheduledTasks.java:80)- 转换用户数据：AppUserVo [phoneNum=18688200527, userPwd=e10adc3949ba59abbe56e057f20f883e, gold=900, balance=201, userName=贺敏, address=广州天河, wechat=null, qq=null, email=null, registerDate=2017-08-20 01:37:06.0, lastLoginDate=2017-08-20 09:11:09.0, updateDate=2017-08-24 16:29:25.0, blackList=0, shareCount=0, firstShare=1, firstInvite=0, firstRead=1, students=0, dailyCheckIn=0]
2017-08-25 09:54:41,272 [pool-1-thread-1] [com.yfax.task.service.BalanceHisService] [INFO] (BalanceHisService.java:63)- 当前汇率rate=0.0001, 兑换金币gold=900.0, 获得零钱balance=0.090
2017-08-25 09:54:41,274 [pool-1-thread-1] [com.yfax.task.service.BalanceHisService] [INFO] (BalanceHisService.java:73)- 手机号码phoneNum=18688200527, 原金币余额gold=900, 扣减金币gold=900, 更新金币总余额sum=0
2017-08-25 09:54:41,289 [pool-1-thread-1] [com.yfax.task.service.BalanceHisService] [INFO] (BalanceHisService.java:88)- 转换成功。phoneNum=18688200527, gold=900
2017-08-25 09:55:00,784 [pool-1-thread-1] [com.yfax.task.ScheduledTasks] [INFO] (ScheduledTasks.java:30)- my task is running, The time is now 2017-08-25 09:55:00
2017-08-25 09:55:00,785 [pool-1-thread-1] [com.yfax.task.ScheduledTasks] [INFO] (ScheduledTasks.java:60)- 第一步，开始清除用户的每日签到标识...
2017-08-25 09:55:00,794 [pool-1-thread-1] [com.yfax.task.ScheduledTasks] [INFO] (ScheduledTasks.java:65)- phoneNum18688200519, 重置结果result=成功
2017-08-25 09:55:00,801 [pool-1-thread-1] [com.yfax.task.ScheduledTasks] [INFO] (ScheduledTasks.java:65)- phoneNum18688200527, 重置结果result=成功
2017-08-25 09:55:00,808 [pool-1-thread-1] [com.yfax.task.ScheduledTasks] [INFO] (ScheduledTasks.java:65)- phoneNum18688200528, 重置结果result=成功
2017-08-25 09:55:00,812 [pool-1-thread-1] [com.yfax.task.ScheduledTasks] [INFO] (ScheduledTasks.java:65)- phoneNum18688200529, 重置结果result=成功
2017-08-25 09:55:00,816 [pool-1-thread-1] [com.yfax.task.ScheduledTasks] [INFO] (ScheduledTasks.java:65)- phoneNum18688200599, 重置结果result=成功
2017-08-25 09:55:00,817 [pool-1-thread-1] [com.yfax.task.ScheduledTasks] [INFO] (ScheduledTasks.java:75)- 第二步，开始自动批量处理金币转换零钱...
2017-08-25 09:57:13,304 [restartedMain] [com.yfax.task.Application] [INFO] (StartupInfoLogger.java:48)- Starting Application on MInboHes-MacBook-Pro.local with PID 85918 (/Users/Minbo/Documents/IT/java/code/yfax-parent/yfax-task/target/classes started by Minbo in /Users/Minbo/Documents/IT/java/code/yfax-parent/yfax-task)
2017-08-25 09:57:13,305 [restartedMain] [com.yfax.task.Application] [INFO] (SpringApplication.java:641)- The following profiles are active: dev
2017-08-25 09:57:22,316 [pool-1-thread-1] [com.yfax.task.ScheduledTasks] [INFO] (ScheduledTasks.java:30)- my task is running, The time is now 2017-08-25 09:57:22
2017-08-25 09:57:22,318 [pool-1-thread-1] [com.yfax.task.ScheduledTasks] [INFO] (ScheduledTasks.java:60)- 第一步，开始清除用户的每日签到标识...
2017-08-25 09:57:22,381 [restartedMain] [com.yfax.task.Application] [INFO] (StartupInfoLogger.java:57)- Started Application in 24.461 seconds (JVM running for 24.962)
2017-08-25 09:57:22,707 [pool-1-thread-1] [com.yfax.task.ScheduledTasks] [INFO] (ScheduledTasks.java:77)- 第二步，开始自动批量处理金币转换零钱...
2017-08-25 09:57:22,710 [pool-1-thread-1] [com.yfax.task.ScheduledTasks] [INFO] (ScheduledTasks.java:82)- 转换用户数据：AppUserVo [phoneNum=18688200527, userPwd=e10adc3949ba59abbe56e057f20f883e, gold=1111, balance=201, userName=贺敏, address=广州天河, wechat=null, qq=null, email=null, registerDate=2017-08-20 01:37:06.0, lastLoginDate=2017-08-20 09:11:09.0, updateDate=2017-08-25 09:54:41.0, blackList=0, shareCount=0, firstShare=1, firstInvite=0, firstRead=1, students=0, dailyCheckIn=0]
2017-08-25 09:57:22,723 [pool-1-thread-1] [com.yfax.task.service.BalanceHisService] [INFO] (BalanceHisService.java:63)- 当前汇率rate=0.0001, 兑换金币gold=1111.0, 获得零钱balance=0.111
2017-08-25 09:57:22,725 [pool-1-thread-1] [com.yfax.task.service.BalanceHisService] [INFO] (BalanceHisService.java:73)- 手机号码phoneNum=18688200527, 原金币余额gold=1111, 扣减金币gold=1111, 更新金币总余额sum=0
2017-08-25 09:57:22,762 [pool-1-thread-1] [com.yfax.task.service.BalanceHisService] [INFO] (BalanceHisService.java:88)- 转换成功。phoneNum=18688200527, gold=1111
2017-08-25 09:57:42,315 [pool-1-thread-1] [com.yfax.task.ScheduledTasks] [INFO] (ScheduledTasks.java:30)- my task is running, The time is now 2017-08-25 09:57:42
2017-08-25 09:57:42,316 [pool-1-thread-1] [com.yfax.task.ScheduledTasks] [INFO] (ScheduledTasks.java:60)- 第一步，开始清除用户的每日签到标识...
2017-08-25 09:57:42,322 [pool-1-thread-1] [com.yfax.task.ScheduledTasks] [INFO] (ScheduledTasks.java:77)- 第二步，开始自动批量处理金币转换零钱...
2017-08-25 09:58:02,311 [pool-1-thread-1] [com.yfax.task.ScheduledTasks] [INFO] (ScheduledTasks.java:30)- my task is running, The time is now 2017-08-25 09:58:02
2017-08-25 09:58:02,312 [pool-1-thread-1] [com.yfax.task.ScheduledTasks] [INFO] (ScheduledTasks.java:60)- 第一步，开始清除用户的每日签到标识...
2017-08-25 09:58:02,319 [pool-1-thread-1] [com.yfax.task.ScheduledTasks] [INFO] (ScheduledTasks.java:77)- 第二步，开始自动批量处理金币转换零钱...
2017-08-25 09:58:22,312 [pool-1-thread-1] [com.yfax.task.ScheduledTasks] [INFO] (ScheduledTasks.java:30)- my task is running, The time is now 2017-08-25 09:58:22
2017-08-25 09:58:22,313 [pool-1-thread-1] [com.yfax.task.ScheduledTasks] [INFO] (ScheduledTasks.java:60)- 第一步，开始清除用户的每日签到标识...
2017-08-25 09:58:22,317 [pool-1-thread-1] [com.yfax.task.ScheduledTasks] [INFO] (ScheduledTasks.java:77)- 第二步，开始自动批量处理金币转换零钱...
2017-08-25 09:58:44,425 [restartedMain] [com.yfax.task.Application] [INFO] (StartupInfoLogger.java:48)- Starting Application on MInboHes-MacBook-Pro.local with PID 85918 (/Users/Minbo/Documents/IT/java/code/yfax-parent/yfax-task/target/classes started by Minbo in /Users/Minbo/Documents/IT/java/code/yfax-parent/yfax-task)
2017-08-25 09:58:44,426 [restartedMain] [com.yfax.task.Application] [INFO] (SpringApplication.java:641)- The following profiles are active: dev
2017-08-25 09:58:45,534 [pool-3-thread-1] [com.yfax.task.ScheduledTasks] [INFO] (ScheduledTasks.java:30)- my task is running, The time is now 2017-08-25 09:58:45
2017-08-25 09:58:45,535 [pool-3-thread-1] [com.yfax.task.ScheduledTasks] [INFO] (ScheduledTasks.java:60)- 第一步，开始清除用户的每日签到标识...
2017-08-25 09:58:45,539 [restartedMain] [com.yfax.task.Application] [INFO] (StartupInfoLogger.java:57)- Started Application in 16.182 seconds (JVM running for 108.123)
2017-08-25 09:58:45,608 [pool-3-thread-1] [com.yfax.task.ScheduledTasks] [INFO] (ScheduledTasks.java:77)- 第二步，开始自动批量处理金币转换零钱...
2017-08-25 09:59:05,532 [pool-3-thread-1] [com.yfax.task.ScheduledTasks] [INFO] (ScheduledTasks.java:30)- my task is running, The time is now 2017-08-25 09:59:05
2017-08-25 09:59:05,533 [pool-3-thread-1] [com.yfax.task.ScheduledTasks] [INFO] (ScheduledTasks.java:60)- 第一步，开始清除用户的每日签到标识...
2017-08-25 09:59:05,536 [pool-3-thread-1] [com.yfax.task.ScheduledTasks] [INFO] (ScheduledTasks.java:77)- 第二步，开始自动批量处理金币转换零钱...
2017-08-25 09:59:25,535 [pool-3-thread-1] [com.yfax.task.ScheduledTasks] [INFO] (ScheduledTasks.java:30)- my task is running, The time is now 2017-08-25 09:59:25
2017-08-25 09:59:25,535 [pool-3-thread-1] [com.yfax.task.ScheduledTasks] [INFO] (ScheduledTasks.java:60)- 第一步，开始清除用户的每日签到标识...
2017-08-25 09:59:25,539 [pool-3-thread-1] [com.yfax.task.ScheduledTasks] [INFO] (ScheduledTasks.java:77)- 第二步，开始自动批量处理金币转换零钱...
2017-08-25 09:59:45,535 [pool-3-thread-1] [com.yfax.task.ScheduledTasks] [INFO] (ScheduledTasks.java:30)- my task is running, The time is now 2017-08-25 09:59:45
2017-08-25 09:59:45,535 [pool-3-thread-1] [com.yfax.task.ScheduledTasks] [INFO] (ScheduledTasks.java:60)- 第一步，开始清除用户的每日签到标识...
2017-08-25 09:59:45,543 [pool-3-thread-1] [com.yfax.task.ScheduledTasks] [INFO] (ScheduledTasks.java:77)- 第二步，开始自动批量处理金币转换零钱...
2017-08-25 10:00:05,534 [pool-3-thread-1] [com.yfax.task.ScheduledTasks] [INFO] (ScheduledTasks.java:30)- my task is running, The time is now 2017-08-25 10:00:05
2017-08-25 10:00:05,534 [pool-3-thread-1] [com.yfax.task.ScheduledTasks] [INFO] (ScheduledTasks.java:60)- 第一步，开始清除用户的每日签到标识...
2017-08-25 10:00:05,538 [pool-3-thread-1] [com.yfax.task.ScheduledTasks] [INFO] (ScheduledTasks.java:77)- 第二步，开始自动批量处理金币转换零钱...
2017-08-25 10:01:39,546 [restartedMain] [com.yfax.task.Application] [INFO] (StartupInfoLogger.java:48)- Starting Application on MInboHes-MacBook-Pro.local with PID 85974 (/Users/Minbo/Documents/IT/java/code/yfax-parent/yfax-task/target/classes started by Minbo in /Users/Minbo/Documents/IT/java/code/yfax-parent/yfax-task)
2017-08-25 10:01:39,547 [restartedMain] [com.yfax.task.Application] [INFO] (SpringApplication.java:641)- The following profiles are active: dev
2017-08-25 10:01:48,545 [restartedMain] [com.yfax.task.Application] [INFO] (StartupInfoLogger.java:57)- Started Application in 24.365 seconds (JVM running for 24.827)
2017-08-25 10:02:39,808 [restartedMain] [com.yfax.task.Application] [INFO] (StartupInfoLogger.java:48)- Starting Application on MInboHes-MacBook-Pro.local with PID 85986 (/Users/Minbo/Documents/IT/java/code/yfax-parent/yfax-task/target/classes started by Minbo in /Users/Minbo/Documents/IT/java/code/yfax-parent/yfax-task)
2017-08-25 10:02:39,808 [restartedMain] [com.yfax.task.Application] [INFO] (SpringApplication.java:641)- The following profiles are active: dev
2017-08-25 10:02:49,006 [pool-1-thread-1] [com.yfax.task.ScheduledTasks] [INFO] (ScheduledTasks.java:30)- ======================start===================
2017-08-25 10:02:49,010 [pool-1-thread-1] [com.yfax.task.ScheduledTasks] [INFO] (ScheduledTasks.java:31)- my task is running, The time is now 2017-08-25 10:02:49
2017-08-25 10:02:49,010 [pool-1-thread-1] [com.yfax.task.ScheduledTasks] [INFO] (ScheduledTasks.java:64)- 第一步，开始清除用户的每日签到标识...
2017-08-25 10:02:49,067 [restartedMain] [com.yfax.task.Application] [INFO] (StartupInfoLogger.java:57)- Started Application in 24.616 seconds (JVM running for 25.072)
2017-08-25 10:02:49,408 [pool-1-thread-1] [com.yfax.task.ScheduledTasks] [INFO] (ScheduledTasks.java:81)- 第二步，开始自动批量处理金币转换零钱...
2017-08-25 10:02:49,410 [pool-1-thread-1] [com.yfax.task.ScheduledTasks] [INFO] (ScheduledTasks.java:34)- =======================end====================
2017-08-25 10:03:09,010 [pool-1-thread-1] [com.yfax.task.ScheduledTasks] [INFO] (ScheduledTasks.java:30)- ======================start===================
2017-08-25 10:03:09,011 [pool-1-thread-1] [com.yfax.task.ScheduledTasks] [INFO] (ScheduledTasks.java:31)- my task is running, The time is now 2017-08-25 10:03:09
2017-08-25 10:03:09,011 [pool-1-thread-1] [com.yfax.task.ScheduledTasks] [INFO] (ScheduledTasks.java:64)- 第一步，开始清除用户的每日签到标识...
2017-08-25 10:03:09,015 [pool-1-thread-1] [com.yfax.task.ScheduledTasks] [INFO] (ScheduledTasks.java:81)- 第二步，开始自动批量处理金币转换零钱...
2017-08-25 10:03:09,017 [pool-1-thread-1] [com.yfax.task.ScheduledTasks] [INFO] (ScheduledTasks.java:34)- =======================end====================
2017-08-25 10:19:18,770 [restartedMain] [com.yfax.task.Application] [INFO] (StartupInfoLogger.java:48)- Starting Application on MInboHes-MacBook-Pro.local with PID 86111 (/Users/Minbo/Documents/IT/java/code/yfax-parent/yfax-task/target/classes started by Minbo in /Users/Minbo/Documents/IT/java/code/yfax-parent/yfax-task)
2017-08-25 10:19:18,771 [restartedMain] [com.yfax.task.Application] [INFO] (SpringApplication.java:641)- The following profiles are active: dev
2017-08-25 10:19:27,677 [pool-1-thread-1] [com.yfax.task.ScheduledTasks] [INFO] (ScheduledTasks.java:30)- ======================start===================
2017-08-25 10:19:27,680 [pool-1-thread-1] [com.yfax.task.ScheduledTasks] [INFO] (ScheduledTasks.java:31)- my task is running, The time is now 2017-08-25 10:19:27
2017-08-25 10:19:27,681 [pool-1-thread-1] [com.yfax.task.ScheduledTasks] [INFO] (ScheduledTasks.java:64)- 第一步，开始清除用户的每日签到标识...
2017-08-25 10:19:27,745 [restartedMain] [com.yfax.task.Application] [INFO] (StartupInfoLogger.java:57)- Started Application in 24.362 seconds (JVM running for 24.83)
2017-08-25 10:19:28,098 [pool-1-thread-1] [com.yfax.task.ScheduledTasks] [INFO] (ScheduledTasks.java:81)- 第二步，开始自动批量处理金币转换零钱...
2017-08-25 10:19:28,101 [pool-1-thread-1] [com.yfax.task.ScheduledTasks] [INFO] (ScheduledTasks.java:86)- 转换用户数据：AppUserVo [phoneNum=18688200527, userPwd=e10adc3949ba59abbe56e057f20f883e, gold=1234, balance=201, userName=贺敏, address=广州天河, wechat=null, qq=null, email=null, registerDate=2017-08-20 01:37:06.0, lastLoginDate=2017-08-20 09:11:09.0, updateDate=2017-08-25 09:57:22.0, blackList=0, shareCount=0, firstShare=1, firstInvite=0, firstRead=1, students=0, dailyCheckIn=0]
2017-08-25 10:19:28,116 [pool-1-thread-1] [com.yfax.task.service.BalanceHisService] [INFO] (BalanceHisService.java:63)- 当前汇率rate=0.0001, 兑换金币gold=1234.0, 获得零钱balance=+0.123
2017-08-25 10:19:28,119 [pool-1-thread-1] [com.yfax.task.service.BalanceHisService] [INFO] (BalanceHisService.java:73)- 手机号码phoneNum=18688200527, 原金币余额gold=1234, 扣减金币gold=1234, 更新金币总余额sum=0
2017-08-25 10:19:28,168 [pool-1-thread-1] [com.yfax.task.service.BalanceHisService] [INFO] (BalanceHisService.java:88)- 转换成功。phoneNum=18688200527, gold=1234
2017-08-25 10:19:28,171 [pool-1-thread-1] [com.yfax.task.ScheduledTasks] [INFO] (ScheduledTasks.java:34)- =======================end====================
2017-08-25 10:19:47,679 [pool-1-thread-1] [com.yfax.task.ScheduledTasks] [INFO] (ScheduledTasks.java:30)- ======================start===================
2017-08-25 10:19:47,680 [pool-1-thread-1] [com.yfax.task.ScheduledTasks] [INFO] (ScheduledTasks.java:31)- my task is running, The time is now 2017-08-25 10:19:47
2017-08-25 10:19:47,680 [pool-1-thread-1] [com.yfax.task.ScheduledTasks] [INFO] (ScheduledTasks.java:64)- 第一步，开始清除用户的每日签到标识...
2017-08-25 10:19:47,685 [pool-1-thread-1] [com.yfax.task.ScheduledTasks] [INFO] (ScheduledTasks.java:81)- 第二步，开始自动批量处理金币转换零钱...
2017-08-25 10:19:47,686 [pool-1-thread-1] [com.yfax.task.ScheduledTasks] [INFO] (ScheduledTasks.java:34)- =======================end====================
2017-08-25 10:20:07,677 [pool-1-thread-1] [com.yfax.task.ScheduledTasks] [INFO] (ScheduledTasks.java:30)- ======================start===================
2017-08-25 10:20:07,678 [pool-1-thread-1] [com.yfax.task.ScheduledTasks] [INFO] (ScheduledTasks.java:31)- my task is running, The time is now 2017-08-25 10:20:07
2017-08-25 10:20:07,678 [pool-1-thread-1] [com.yfax.task.ScheduledTasks] [INFO] (ScheduledTasks.java:64)- 第一步，开始清除用户的每日签到标识...
2017-08-25 10:20:07,684 [pool-1-thread-1] [com.yfax.task.ScheduledTasks] [INFO] (ScheduledTasks.java:81)- 第二步，开始自动批量处理金币转换零钱...
2017-08-25 10:20:07,686 [pool-1-thread-1] [com.yfax.task.ScheduledTasks] [INFO] (ScheduledTasks.java:34)- =======================end====================
2017-08-25 10:20:27,677 [pool-1-thread-1] [com.yfax.task.ScheduledTasks] [INFO] (ScheduledTasks.java:30)- ======================start===================
2017-08-25 10:20:27,677 [pool-1-thread-1] [com.yfax.task.ScheduledTasks] [INFO] (ScheduledTasks.java:31)- my task is running, The time is now 2017-08-25 10:20:27
2017-08-25 10:20:27,677 [pool-1-thread-1] [com.yfax.task.ScheduledTasks] [INFO] (ScheduledTasks.java:64)- 第一步，开始清除用户的每日签到标识...
2017-08-25 10:20:27,681 [pool-1-thread-1] [com.yfax.task.ScheduledTasks] [INFO] (ScheduledTasks.java:81)- 第二步，开始自动批量处理金币转换零钱...
2017-08-25 10:20:27,683 [pool-1-thread-1] [com.yfax.task.ScheduledTasks] [INFO] (ScheduledTasks.java:34)- =======================end====================
2017-08-25 10:20:47,677 [pool-1-thread-1] [com.yfax.task.ScheduledTasks] [INFO] (ScheduledTasks.java:30)- ======================start===================
2017-08-25 10:20:47,678 [pool-1-thread-1] [com.yfax.task.ScheduledTasks] [INFO] (ScheduledTasks.java:31)- my task is running, The time is now 2017-08-25 10:20:47
2017-08-25 10:20:47,678 [pool-1-thread-1] [com.yfax.task.ScheduledTasks] [INFO] (ScheduledTasks.java:64)- 第一步，开始清除用户的每日签到标识...
2017-08-25 10:20:47,683 [pool-1-thread-1] [com.yfax.task.ScheduledTasks] [INFO] (ScheduledTasks.java:81)- 第二步，开始自动批量处理金币转换零钱...
2017-08-25 10:20:47,684 [pool-1-thread-1] [com.yfax.task.ScheduledTasks] [INFO] (ScheduledTasks.java:34)- =======================end====================
2017-08-25 10:21:07,677 [pool-1-thread-1] [com.yfax.task.ScheduledTasks] [INFO] (ScheduledTasks.java:30)- ======================start===================
2017-08-25 10:21:07,678 [pool-1-thread-1] [com.yfax.task.ScheduledTasks] [INFO] (ScheduledTasks.java:31)- my task is running, The time is now 2017-08-25 10:21:07
2017-08-25 10:21:07,678 [pool-1-thread-1] [com.yfax.task.ScheduledTasks] [INFO] (ScheduledTasks.java:64)- 第一步，开始清除用户的每日签到标识...
2017-08-25 10:21:07,683 [pool-1-thread-1] [com.yfax.task.ScheduledTasks] [INFO] (ScheduledTasks.java:81)- 第二步，开始自动批量处理金币转换零钱...
2017-08-25 10:21:07,684 [pool-1-thread-1] [com.yfax.task.ScheduledTasks] [INFO] (ScheduledTasks.java:34)- =======================end====================
2017-08-25 10:21:27,674 [pool-1-thread-1] [com.yfax.task.ScheduledTasks] [INFO] (ScheduledTasks.java:30)- ======================start===================
2017-08-25 10:21:27,675 [pool-1-thread-1] [com.yfax.task.ScheduledTasks] [INFO] (ScheduledTasks.java:31)- my task is running, The time is now 2017-08-25 10:21:27
2017-08-25 10:21:27,675 [pool-1-thread-1] [com.yfax.task.ScheduledTasks] [INFO] (ScheduledTasks.java:64)- 第一步，开始清除用户的每日签到标识...
2017-08-25 10:21:27,679 [pool-1-thread-1] [com.yfax.task.ScheduledTasks] [INFO] (ScheduledTasks.java:81)- 第二步，开始自动批量处理金币转换零钱...
2017-08-25 10:21:27,681 [pool-1-thread-1] [com.yfax.task.ScheduledTasks] [INFO] (ScheduledTasks.java:34)- =======================end====================
2017-08-25 10:21:47,675 [pool-1-thread-1] [com.yfax.task.ScheduledTasks] [INFO] (ScheduledTasks.java:30)- ======================start===================
2017-08-25 10:21:47,676 [pool-1-thread-1] [com.yfax.task.ScheduledTasks] [INFO] (ScheduledTasks.java:31)- my task is running, The time is now 2017-08-25 10:21:47
2017-08-25 10:21:47,676 [pool-1-thread-1] [com.yfax.task.ScheduledTasks] [INFO] (ScheduledTasks.java:64)- 第一步，开始清除用户的每日签到标识...
2017-08-25 10:21:47,680 [pool-1-thread-1] [com.yfax.task.ScheduledTasks] [INFO] (ScheduledTasks.java:81)- 第二步，开始自动批量处理金币转换零钱...
2017-08-25 10:21:47,681 [pool-1-thread-1] [com.yfax.task.ScheduledTasks] [INFO] (ScheduledTasks.java:34)- =======================end====================
2017-08-25 10:22:07,674 [pool-1-thread-1] [com.yfax.task.ScheduledTasks] [INFO] (ScheduledTasks.java:30)- ======================start===================
2017-08-25 10:22:07,675 [pool-1-thread-1] [com.yfax.task.ScheduledTasks] [INFO] (ScheduledTasks.java:31)- my task is running, The time is now 2017-08-25 10:22:07
2017-08-25 10:22:07,675 [pool-1-thread-1] [com.yfax.task.ScheduledTasks] [INFO] (ScheduledTasks.java:64)- 第一步，开始清除用户的每日签到标识...
2017-08-25 10:22:07,678 [pool-1-thread-1] [com.yfax.task.ScheduledTasks] [INFO] (ScheduledTasks.java:81)- 第二步，开始自动批量处理金币转换零钱...
2017-08-25 10:22:07,680 [pool-1-thread-1] [com.yfax.task.ScheduledTasks] [INFO] (ScheduledTasks.java:34)- =======================end====================
2017-08-25 10:22:27,676 [pool-1-thread-1] [com.yfax.task.ScheduledTasks] [INFO] (ScheduledTasks.java:30)- ======================start===================
2017-08-25 10:22:27,676 [pool-1-thread-1] [com.yfax.task.ScheduledTasks] [INFO] (ScheduledTasks.java:31)- my task is running, The time is now 2017-08-25 10:22:27
2017-08-25 10:22:27,676 [pool-1-thread-1] [com.yfax.task.ScheduledTasks] [INFO] (ScheduledTasks.java:64)- 第一步，开始清除用户的每日签到标识...
2017-08-25 10:22:27,681 [pool-1-thread-1] [com.yfax.task.ScheduledTasks] [INFO] (ScheduledTasks.java:81)- 第二步，开始自动批量处理金币转换零钱...
2017-08-25 10:22:27,682 [pool-1-thread-1] [com.yfax.task.ScheduledTasks] [INFO] (ScheduledTasks.java:34)- =======================end====================
2017-08-25 10:22:47,673 [pool-1-thread-1] [com.yfax.task.ScheduledTasks] [INFO] (ScheduledTasks.java:30)- ======================start===================
2017-08-25 10:22:47,674 [pool-1-thread-1] [com.yfax.task.ScheduledTasks] [INFO] (ScheduledTasks.java:31)- my task is running, The time is now 2017-08-25 10:22:47
2017-08-25 10:22:47,674 [pool-1-thread-1] [com.yfax.task.ScheduledTasks] [INFO] (ScheduledTasks.java:64)- 第一步，开始清除用户的每日签到标识...
2017-08-25 10:22:47,677 [pool-1-thread-1] [com.yfax.task.ScheduledTasks] [INFO] (ScheduledTasks.java:81)- 第二步，开始自动批量处理金币转换零钱...
2017-08-25 10:22:47,679 [pool-1-thread-1] [com.yfax.task.ScheduledTasks] [INFO] (ScheduledTasks.java:34)- =======================end====================
2017-08-25 10:23:07,671 [pool-1-thread-1] [com.yfax.task.ScheduledTasks] [INFO] (ScheduledTasks.java:30)- ======================start===================
2017-08-25 10:23:07,672 [pool-1-thread-1] [com.yfax.task.ScheduledTasks] [INFO] (ScheduledTasks.java:31)- my task is running, The time is now 2017-08-25 10:23:07
2017-08-25 10:23:07,672 [pool-1-thread-1] [com.yfax.task.ScheduledTasks] [INFO] (ScheduledTasks.java:64)- 第一步，开始清除用户的每日签到标识...
2017-08-25 10:23:07,675 [pool-1-thread-1] [com.yfax.task.ScheduledTasks] [INFO] (ScheduledTasks.java:81)- 第二步，开始自动批量处理金币转换零钱...
2017-08-25 10:23:07,677 [pool-1-thread-1] [com.yfax.task.ScheduledTasks] [INFO] (ScheduledTasks.java:34)- =======================end====================
2017-08-25 10:23:27,670 [pool-1-thread-1] [com.yfax.task.ScheduledTasks] [INFO] (ScheduledTasks.java:30)- ======================start===================
2017-08-25 10:23:27,670 [pool-1-thread-1] [com.yfax.task.ScheduledTasks] [INFO] (ScheduledTasks.java:31)- my task is running, The time is now 2017-08-25 10:23:27
2017-08-25 10:23:27,670 [pool-1-thread-1] [com.yfax.task.ScheduledTasks] [INFO] (ScheduledTasks.java:64)- 第一步，开始清除用户的每日签到标识...
2017-08-25 10:23:27,673 [pool-1-thread-1] [com.yfax.task.ScheduledTasks] [INFO] (ScheduledTasks.java:81)- 第二步，开始自动批量处理金币转换零钱...
2017-08-25 10:23:27,675 [pool-1-thread-1] [com.yfax.task.ScheduledTasks] [INFO] (ScheduledTasks.java:34)- =======================end====================
2017-08-25 10:23:47,671 [pool-1-thread-1] [com.yfax.task.ScheduledTasks] [INFO] (ScheduledTasks.java:30)- ======================start===================
2017-08-25 10:23:47,672 [pool-1-thread-1] [com.yfax.task.ScheduledTasks] [INFO] (ScheduledTasks.java:31)- my task is running, The time is now 2017-08-25 10:23:47
2017-08-25 10:23:47,672 [pool-1-thread-1] [com.yfax.task.ScheduledTasks] [INFO] (ScheduledTasks.java:64)- 第一步，开始清除用户的每日签到标识...
2017-08-25 10:23:47,676 [pool-1-thread-1] [com.yfax.task.ScheduledTasks] [INFO] (ScheduledTasks.java:81)- 第二步，开始自动批量处理金币转换零钱...
2017-08-25 10:23:47,678 [pool-1-thread-1] [com.yfax.task.ScheduledTasks] [INFO] (ScheduledTasks.java:34)- =======================end====================
2017-08-25 10:24:07,669 [pool-1-thread-1] [com.yfax.task.ScheduledTasks] [INFO] (ScheduledTasks.java:30)- ======================start===================
2017-08-25 10:24:07,669 [pool-1-thread-1] [com.yfax.task.ScheduledTasks] [INFO] (ScheduledTasks.java:31)- my task is running, The time is now 2017-08-25 10:24:07
2017-08-25 10:24:07,669 [pool-1-thread-1] [com.yfax.task.ScheduledTasks] [INFO] (ScheduledTasks.java:64)- 第一步，开始清除用户的每日签到标识...
2017-08-25 10:24:07,673 [pool-1-thread-1] [com.yfax.task.ScheduledTasks] [INFO] (ScheduledTasks.java:81)- 第二步，开始自动批量处理金币转换零钱...
2017-08-25 10:24:07,674 [pool-1-thread-1] [com.yfax.task.ScheduledTasks] [INFO] (ScheduledTasks.java:34)- =======================end====================
2017-08-25 10:24:27,669 [pool-1-thread-1] [com.yfax.task.ScheduledTasks] [INFO] (ScheduledTasks.java:30)- ======================start===================
2017-08-25 10:24:27,669 [pool-1-thread-1] [com.yfax.task.ScheduledTasks] [INFO] (ScheduledTasks.java:31)- my task is running, The time is now 2017-08-25 10:24:27
2017-08-25 10:24:27,670 [pool-1-thread-1] [com.yfax.task.ScheduledTasks] [INFO] (ScheduledTasks.java:64)- 第一步，开始清除用户的每日签到标识...
2017-08-25 10:24:27,673 [pool-1-thread-1] [com.yfax.task.ScheduledTasks] [INFO] (ScheduledTasks.java:81)- 第二步，开始自动批量处理金币转换零钱...
2017-08-25 10:24:27,674 [pool-1-thread-1] [com.yfax.task.ScheduledTasks] [INFO] (ScheduledTasks.java:34)- =======================end====================
2017-08-25 10:24:47,670 [pool-1-thread-1] [com.yfax.task.ScheduledTasks] [INFO] (ScheduledTasks.java:30)- ======================start===================
2017-08-25 10:24:47,670 [pool-1-thread-1] [com.yfax.task.ScheduledTasks] [INFO] (ScheduledTasks.java:31)- my task is running, The time is now 2017-08-25 10:24:47
2017-08-25 10:24:47,670 [pool-1-thread-1] [com.yfax.task.ScheduledTasks] [INFO] (ScheduledTasks.java:64)- 第一步，开始清除用户的每日签到标识...
2017-08-25 10:24:47,673 [pool-1-thread-1] [com.yfax.task.ScheduledTasks] [INFO] (ScheduledTasks.java:81)- 第二步，开始自动批量处理金币转换零钱...
2017-08-25 10:24:47,674 [pool-1-thread-1] [com.yfax.task.ScheduledTasks] [INFO] (ScheduledTasks.java:34)- =======================end====================
2017-08-25 10:25:07,667 [pool-1-thread-1] [com.yfax.task.ScheduledTasks] [INFO] (ScheduledTasks.java:30)- ======================start===================
2017-08-25 10:25:07,668 [pool-1-thread-1] [com.yfax.task.ScheduledTasks] [INFO] (ScheduledTasks.java:31)- my task is running, The time is now 2017-08-25 10:25:07
2017-08-25 10:25:07,668 [pool-1-thread-1] [com.yfax.task.ScheduledTasks] [INFO] (ScheduledTasks.java:64)- 第一步，开始清除用户的每日签到标识...
2017-08-25 10:25:07,671 [pool-1-thread-1] [com.yfax.task.ScheduledTasks] [INFO] (ScheduledTasks.java:81)- 第二步，开始自动批量处理金币转换零钱...
2017-08-25 10:25:07,673 [pool-1-thread-1] [com.yfax.task.ScheduledTasks] [INFO] (ScheduledTasks.java:34)- =======================end====================
2017-08-25 10:25:27,667 [pool-1-thread-1] [com.yfax.task.ScheduledTasks] [INFO] (ScheduledTasks.java:30)- ======================start===================
2017-08-25 10:25:27,667 [pool-1-thread-1] [com.yfax.task.ScheduledTasks] [INFO] (ScheduledTasks.java:31)- my task is running, The time is now 2017-08-25 10:25:27
2017-08-25 10:25:27,668 [pool-1-thread-1] [com.yfax.task.ScheduledTasks] [INFO] (ScheduledTasks.java:64)- 第一步，开始清除用户的每日签到标识...
2017-08-25 10:25:27,671 [pool-1-thread-1] [com.yfax.task.ScheduledTasks] [INFO] (ScheduledTasks.java:81)- 第二步，开始自动批量处理金币转换零钱...
2017-08-25 10:25:27,672 [pool-1-thread-1] [com.yfax.task.ScheduledTasks] [INFO] (ScheduledTasks.java:34)- =======================end====================
2017-08-25 10:25:47,667 [pool-1-thread-1] [com.yfax.task.ScheduledTasks] [INFO] (ScheduledTasks.java:30)- ======================start===================
2017-08-25 10:25:47,668 [pool-1-thread-1] [com.yfax.task.ScheduledTasks] [INFO] (ScheduledTasks.java:31)- my task is running, The time is now 2017-08-25 10:25:47
2017-08-25 10:25:47,668 [pool-1-thread-1] [com.yfax.task.ScheduledTasks] [INFO] (ScheduledTasks.java:64)- 第一步，开始清除用户的每日签到标识...
2017-08-25 10:25:47,671 [pool-1-thread-1] [com.yfax.task.ScheduledTasks] [INFO] (ScheduledTasks.java:81)- 第二步，开始自动批量处理金币转换零钱...
2017-08-25 10:25:47,672 [pool-1-thread-1] [com.yfax.task.ScheduledTasks] [INFO] (ScheduledTasks.java:34)- =======================end====================
2017-08-25 10:26:07,668 [pool-1-thread-1] [com.yfax.task.ScheduledTasks] [INFO] (ScheduledTasks.java:30)- ======================start===================
2017-08-25 10:26:07,669 [pool-1-thread-1] [com.yfax.task.ScheduledTasks] [INFO] (ScheduledTasks.java:31)- my task is running, The time is now 2017-08-25 10:26:07
2017-08-25 10:26:07,669 [pool-1-thread-1] [com.yfax.task.ScheduledTasks] [INFO] (ScheduledTasks.java:64)- 第一步，开始清除用户的每日签到标识...
2017-08-25 10:26:07,672 [pool-1-thread-1] [com.yfax.task.ScheduledTasks] [INFO] (ScheduledTasks.java:81)- 第二步，开始自动批量处理金币转换零钱...
2017-08-25 10:26:07,674 [pool-1-thread-1] [com.yfax.task.ScheduledTasks] [INFO] (ScheduledTasks.java:34)- =======================end====================
2017-08-25 10:26:27,665 [pool-1-thread-1] [com.yfax.task.ScheduledTasks] [INFO] (ScheduledTasks.java:30)- ======================start===================
2017-08-25 10:26:27,665 [pool-1-thread-1] [com.yfax.task.ScheduledTasks] [INFO] (ScheduledTasks.java:31)- my task is running, The time is now 2017-08-25 10:26:27
2017-08-25 10:26:27,665 [pool-1-thread-1] [com.yfax.task.ScheduledTasks] [INFO] (ScheduledTasks.java:64)- 第一步，开始清除用户的每日签到标识...
2017-08-25 10:26:27,668 [pool-1-thread-1] [com.yfax.task.ScheduledTasks] [INFO] (ScheduledTasks.java:81)- 第二步，开始自动批量处理金币转换零钱...
2017-08-25 10:26:27,670 [pool-1-thread-1] [com.yfax.task.ScheduledTasks] [INFO] (ScheduledTasks.java:34)- =======================end====================
2017-08-25 10:26:47,665 [pool-1-thread-1] [com.yfax.task.ScheduledTasks] [INFO] (ScheduledTasks.java:30)- ======================start===================
2017-08-25 10:26:47,666 [pool-1-thread-1] [com.yfax.task.ScheduledTasks] [INFO] (ScheduledTasks.java:31)- my task is running, The time is now 2017-08-25 10:26:47
2017-08-25 10:26:47,666 [pool-1-thread-1] [com.yfax.task.ScheduledTasks] [INFO] (ScheduledTasks.java:64)- 第一步，开始清除用户的每日签到标识...
2017-08-25 10:26:47,669 [pool-1-thread-1] [com.yfax.task.ScheduledTasks] [INFO] (ScheduledTasks.java:81)- 第二步，开始自动批量处理金币转换零钱...
2017-08-25 10:26:47,670 [pool-1-thread-1] [com.yfax.task.ScheduledTasks] [INFO] (ScheduledTasks.java:34)- =======================end====================
2017-08-25 10:27:07,667 [pool-1-thread-1] [com.yfax.task.ScheduledTasks] [INFO] (ScheduledTasks.java:30)- ======================start===================
2017-08-25 10:27:07,667 [pool-1-thread-1] [com.yfax.task.ScheduledTasks] [INFO] (ScheduledTasks.java:31)- my task is running, The time is now 2017-08-25 10:27:07
2017-08-25 10:27:07,668 [pool-1-thread-1] [com.yfax.task.ScheduledTasks] [INFO] (ScheduledTasks.java:64)- 第一步，开始清除用户的每日签到标识...
2017-08-25 10:27:07,671 [pool-1-thread-1] [com.yfax.task.ScheduledTasks] [INFO] (ScheduledTasks.java:81)- 第二步，开始自动批量处理金币转换零钱...
2017-08-25 10:27:07,672 [pool-1-thread-1] [com.yfax.task.ScheduledTasks] [INFO] (ScheduledTasks.java:34)- =======================end====================
2017-08-25 10:27:27,663 [pool-1-thread-1] [com.yfax.task.ScheduledTasks] [INFO] (ScheduledTasks.java:30)- ======================start===================
2017-08-25 10:27:27,663 [pool-1-thread-1] [com.yfax.task.ScheduledTasks] [INFO] (ScheduledTasks.java:31)- my task is running, The time is now 2017-08-25 10:27:27
2017-08-25 10:27:27,664 [pool-1-thread-1] [com.yfax.task.ScheduledTasks] [INFO] (ScheduledTasks.java:64)- 第一步，开始清除用户的每日签到标识...
2017-08-25 10:27:27,667 [pool-1-thread-1] [com.yfax.task.ScheduledTasks] [INFO] (ScheduledTasks.java:81)- 第二步，开始自动批量处理金币转换零钱...
2017-08-25 10:27:27,668 [pool-1-thread-1] [com.yfax.task.ScheduledTasks] [INFO] (ScheduledTasks.java:34)- =======================end====================
2017-08-25 10:27:47,665 [pool-1-thread-1] [com.yfax.task.ScheduledTasks] [INFO] (ScheduledTasks.java:30)- ======================start===================
2017-08-25 10:27:47,666 [pool-1-thread-1] [com.yfax.task.ScheduledTasks] [INFO] (ScheduledTasks.java:31)- my task is running, The time is now 2017-08-25 10:27:47
2017-08-25 10:27:47,666 [pool-1-thread-1] [com.yfax.task.ScheduledTasks] [INFO] (ScheduledTasks.java:64)- 第一步，开始清除用户的每日签到标识...
2017-08-25 10:27:47,670 [pool-1-thread-1] [com.yfax.task.ScheduledTasks] [INFO] (ScheduledTasks.java:81)- 第二步，开始自动批量处理金币转换零钱...
2017-08-25 10:27:47,671 [pool-1-thread-1] [com.yfax.task.ScheduledTasks] [INFO] (ScheduledTasks.java:34)- =======================end====================
2017-08-25 10:28:07,664 [pool-1-thread-1] [com.yfax.task.ScheduledTasks] [INFO] (ScheduledTasks.java:30)- ======================start===================
2017-08-25 10:28:07,665 [pool-1-thread-1] [com.yfax.task.ScheduledTasks] [INFO] (ScheduledTasks.java:31)- my task is running, The time is now 2017-08-25 10:28:07
2017-08-25 10:28:07,666 [pool-1-thread-1] [com.yfax.task.ScheduledTasks] [INFO] (ScheduledTasks.java:64)- 第一步，开始清除用户的每日签到标识...
2017-08-25 10:28:07,670 [pool-1-thread-1] [com.yfax.task.ScheduledTasks] [INFO] (ScheduledTasks.java:81)- 第二步，开始自动批量处理金币转换零钱...
2017-08-25 10:28:07,671 [pool-1-thread-1] [com.yfax.task.ScheduledTasks] [INFO] (ScheduledTasks.java:34)- =======================end====================
2017-08-25 10:28:27,662 [pool-1-thread-1] [com.yfax.task.ScheduledTasks] [INFO] (ScheduledTasks.java:30)- ======================start===================
2017-08-25 10:28:27,663 [pool-1-thread-1] [com.yfax.task.ScheduledTasks] [INFO] (ScheduledTasks.java:31)- my task is running, The time is now 2017-08-25 10:28:27
2017-08-25 10:28:27,663 [pool-1-thread-1] [com.yfax.task.ScheduledTasks] [INFO] (ScheduledTasks.java:64)- 第一步，开始清除用户的每日签到标识...
2017-08-25 10:28:27,666 [pool-1-thread-1] [com.yfax.task.ScheduledTasks] [INFO] (ScheduledTasks.java:81)- 第二步，开始自动批量处理金币转换零钱...
2017-08-25 10:28:27,667 [pool-1-thread-1] [com.yfax.task.ScheduledTasks] [INFO] (ScheduledTasks.java:34)- =======================end====================
2017-08-25 10:28:47,663 [pool-1-thread-1] [com.yfax.task.ScheduledTasks] [INFO] (ScheduledTasks.java:30)- ======================start===================
2017-08-25 10:28:47,663 [pool-1-thread-1] [com.yfax.task.ScheduledTasks] [INFO] (ScheduledTasks.java:31)- my task is running, The time is now 2017-08-25 10:28:47
2017-08-25 10:28:47,663 [pool-1-thread-1] [com.yfax.task.ScheduledTasks] [INFO] (ScheduledTasks.java:64)- 第一步，开始清除用户的每日签到标识...
2017-08-25 10:28:47,666 [pool-1-thread-1] [com.yfax.task.ScheduledTasks] [INFO] (ScheduledTasks.java:81)- 第二步，开始自动批量处理金币转换零钱...
2017-08-25 10:28:47,668 [pool-1-thread-1] [com.yfax.task.ScheduledTasks] [INFO] (ScheduledTasks.java:34)- =======================end====================
2017-08-25 10:29:07,660 [pool-1-thread-1] [com.yfax.task.ScheduledTasks] [INFO] (ScheduledTasks.java:30)- ======================start===================
2017-08-25 10:29:07,661 [pool-1-thread-1] [com.yfax.task.ScheduledTasks] [INFO] (ScheduledTasks.java:31)- my task is running, The time is now 2017-08-25 10:29:07
2017-08-25 10:29:07,661 [pool-1-thread-1] [com.yfax.task.ScheduledTasks] [INFO] (ScheduledTasks.java:64)- 第一步，开始清除用户的每日签到标识...
2017-08-25 10:29:07,664 [pool-1-thread-1] [com.yfax.task.ScheduledTasks] [INFO] (ScheduledTasks.java:81)- 第二步，开始自动批量处理金币转换零钱...
2017-08-25 10:29:07,666 [pool-1-thread-1] [com.yfax.task.ScheduledTasks] [INFO] (ScheduledTasks.java:34)- =======================end====================
